2025-03-06 10:13:49 [restartedMain] INFO  c.a.ProjetLocationVehiculesApplication - Starting ProjetLocationVehiculesApplication using Java 23.0.1 with PID 22200 (C:\Users\natallia.krautsova\Desktop\Cours\projet-location-vehicules\target\classes started by natallia.krautsova in C:\Users\natallia.krautsova\Desktop\Cours\projet-location-vehicules)
2025-03-06 10:13:49 [restartedMain] DEBUG c.a.ProjetLocationVehiculesApplication - Running with Spring Boot v3.4.2, Spring v6.2.2
2025-03-06 10:13:49 [restartedMain] INFO  c.a.ProjetLocationVehiculesApplication - No active profile set, falling back to 1 default profile: "default"
2025-03-06 10:13:54 [restartedMain] INFO  c.a.ProjetLocationVehiculesApplication - Started ProjetLocationVehiculesApplication in 4.569 seconds (process running for 61534.729)
2025-03-06 10:19:11 [restartedMain] INFO  c.a.ProjetLocationVehiculesApplication - Starting ProjetLocationVehiculesApplication using Java 23.0.1 with PID 22200 (C:\Users\natallia.krautsova\Desktop\Cours\projet-location-vehicules\target\classes started by natallia.krautsova in C:\Users\natallia.krautsova\Desktop\Cours\projet-location-vehicules)
2025-03-06 10:19:11 [restartedMain] DEBUG c.a.ProjetLocationVehiculesApplication - Running with Spring Boot v3.4.2, Spring v6.2.2
2025-03-06 10:19:11 [restartedMain] INFO  c.a.ProjetLocationVehiculesApplication - No active profile set, falling back to 1 default profile: "default"
2025-03-06 10:19:13 [restartedMain] INFO  c.a.ProjetLocationVehiculesApplication - Started ProjetLocationVehiculesApplication in 1.665 seconds (process running for 61854.016)
2025-03-06 10:19:15 [restartedMain] INFO  c.a.ProjetLocationVehiculesApplication - Starting ProjetLocationVehiculesApplication using Java 23.0.1 with PID 22200 (C:\Users\natallia.krautsova\Desktop\Cours\projet-location-vehicules\target\classes started by natallia.krautsova in C:\Users\natallia.krautsova\Desktop\Cours\projet-location-vehicules)
2025-03-06 10:19:15 [restartedMain] DEBUG c.a.ProjetLocationVehiculesApplication - Running with Spring Boot v3.4.2, Spring v6.2.2
2025-03-06 10:19:15 [restartedMain] INFO  c.a.ProjetLocationVehiculesApplication - No active profile set, falling back to 1 default profile: "default"
2025-03-06 10:19:16 [restartedMain] INFO  c.a.ProjetLocationVehiculesApplication - Started ProjetLocationVehiculesApplication in 1.354 seconds (process running for 61856.908)
2025-03-06 10:24:22 [restartedMain] INFO  c.a.ProjetLocationVehiculesApplication - Starting ProjetLocationVehiculesApplication using Java 23.0.1 with PID 22200 (C:\Users\natallia.krautsova\Desktop\Cours\projet-location-vehicules\target\classes started by natallia.krautsova in C:\Users\natallia.krautsova\Desktop\Cours\projet-location-vehicules)
2025-03-06 10:24:22 [restartedMain] DEBUG c.a.ProjetLocationVehiculesApplication - Running with Spring Boot v3.4.2, Spring v6.2.2
2025-03-06 10:24:22 [restartedMain] INFO  c.a.ProjetLocationVehiculesApplication - No active profile set, falling back to 1 default profile: "default"
2025-03-06 10:24:24 [restartedMain] INFO  c.a.ProjetLocationVehiculesApplication - Started ProjetLocationVehiculesApplication in 1.658 seconds (process running for 62164.585)
2025-03-06 10:24:25 [restartedMain] INFO  c.a.ProjetLocationVehiculesApplication - Starting ProjetLocationVehiculesApplication using Java 23.0.1 with PID 22200 (C:\Users\natallia.krautsova\Desktop\Cours\projet-location-vehicules\target\classes started by natallia.krautsova in C:\Users\natallia.krautsova\Desktop\Cours\projet-location-vehicules)
2025-03-06 10:24:25 [restartedMain] DEBUG c.a.ProjetLocationVehiculesApplication - Running with Spring Boot v3.4.2, Spring v6.2.2
2025-03-06 10:24:25 [restartedMain] INFO  c.a.ProjetLocationVehiculesApplication - No active profile set, falling back to 1 default profile: "default"
2025-03-06 10:24:28 [restartedMain] INFO  c.a.ProjetLocationVehiculesApplication - Started ProjetLocationVehiculesApplication in 2.625 seconds (process running for 62168.798)
2025-03-06 10:43:36 [restartedMain] INFO  c.a.ProjetLocationVehiculesApplication - Starting ProjetLocationVehiculesApplication using Java 23.0.1 with PID 22200 (C:\Users\natallia.krautsova\Desktop\Cours\projet-location-vehicules\target\classes started by natallia.krautsova in C:\Users\natallia.krautsova\Desktop\Cours\projet-location-vehicules)
2025-03-06 10:43:36 [restartedMain] DEBUG c.a.ProjetLocationVehiculesApplication - Running with Spring Boot v3.4.2, Spring v6.2.2
2025-03-06 10:43:36 [restartedMain] INFO  c.a.ProjetLocationVehiculesApplication - No active profile set, falling back to 1 default profile: "default"
2025-03-06 10:44:01 [restartedMain] INFO  c.a.ProjetLocationVehiculesApplication - Starting ProjetLocationVehiculesApplication using Java 23.0.1 with PID 22200 (C:\Users\natallia.krautsova\Desktop\Cours\projet-location-vehicules\target\classes started by natallia.krautsova in C:\Users\natallia.krautsova\Desktop\Cours\projet-location-vehicules)
2025-03-06 10:44:01 [restartedMain] DEBUG c.a.ProjetLocationVehiculesApplication - Running with Spring Boot v3.4.2, Spring v6.2.2
2025-03-06 10:44:01 [restartedMain] INFO  c.a.ProjetLocationVehiculesApplication - No active profile set, falling back to 1 default profile: "default"
2025-03-06 10:44:02 [restartedMain] INFO  c.a.ProjetLocationVehiculesApplication - Started ProjetLocationVehiculesApplication in 1.2 seconds (process running for 63342.828)
2025-03-06 10:58:47 [restartedMain] INFO  c.a.ProjetLocationVehiculesApplication - Starting ProjetLocationVehiculesApplication using Java 23.0.1 with PID 22200 (C:\Users\natallia.krautsova\Desktop\Cours\projet-location-vehicules\target\classes started by natallia.krautsova in C:\Users\natallia.krautsova\Desktop\Cours\projet-location-vehicules)
2025-03-06 10:58:47 [restartedMain] DEBUG c.a.ProjetLocationVehiculesApplication - Running with Spring Boot v3.4.2, Spring v6.2.2
2025-03-06 10:58:47 [restartedMain] INFO  c.a.ProjetLocationVehiculesApplication - No active profile set, falling back to 1 default profile: "default"
2025-03-06 10:58:49 [restartedMain] INFO  c.a.ProjetLocationVehiculesApplication - Started ProjetLocationVehiculesApplication in 1.718 seconds (process running for 64230.185)
2025-03-06 10:58:51 [restartedMain] INFO  c.a.ProjetLocationVehiculesApplication - Starting ProjetLocationVehiculesApplication using Java 23.0.1 with PID 22200 (C:\Users\natallia.krautsova\Desktop\Cours\projet-location-vehicules\target\classes started by natallia.krautsova in C:\Users\natallia.krautsova\Desktop\Cours\projet-location-vehicules)
2025-03-06 10:58:51 [restartedMain] DEBUG c.a.ProjetLocationVehiculesApplication - Running with Spring Boot v3.4.2, Spring v6.2.2
2025-03-06 10:58:51 [restartedMain] INFO  c.a.ProjetLocationVehiculesApplication - No active profile set, falling back to 1 default profile: "default"
2025-03-06 10:58:52 [restartedMain] INFO  c.a.ProjetLocationVehiculesApplication - Started ProjetLocationVehiculesApplication in 1.074 seconds (process running for 64232.78)
2025-03-06 11:09:58 [restartedMain] INFO  c.a.ProjetLocationVehiculesApplication - Starting ProjetLocationVehiculesApplication using Java 23.0.1 with PID 22200 (C:\Users\natallia.krautsova\Desktop\Cours\projet-location-vehicules\target\classes started by natallia.krautsova in C:\Users\natallia.krautsova\Desktop\Cours\projet-location-vehicules)
2025-03-06 11:09:58 [restartedMain] DEBUG c.a.ProjetLocationVehiculesApplication - Running with Spring Boot v3.4.2, Spring v6.2.2
2025-03-06 11:09:58 [restartedMain] INFO  c.a.ProjetLocationVehiculesApplication - No active profile set, falling back to 1 default profile: "default"
2025-03-06 11:09:59 [restartedMain] INFO  c.a.ProjetLocationVehiculesApplication - Started ProjetLocationVehiculesApplication in 1.661 seconds (process running for 64900.223)
2025-03-06 11:10:01 [restartedMain] INFO  c.a.ProjetLocationVehiculesApplication - Starting ProjetLocationVehiculesApplication using Java 23.0.1 with PID 22200 (C:\Users\natallia.krautsova\Desktop\Cours\projet-location-vehicules\target\classes started by natallia.krautsova in C:\Users\natallia.krautsova\Desktop\Cours\projet-location-vehicules)
2025-03-06 11:10:01 [restartedMain] DEBUG c.a.ProjetLocationVehiculesApplication - Running with Spring Boot v3.4.2, Spring v6.2.2
2025-03-06 11:10:01 [restartedMain] INFO  c.a.ProjetLocationVehiculesApplication - No active profile set, falling back to 1 default profile: "default"
2025-03-06 11:10:02 [restartedMain] INFO  c.a.ProjetLocationVehiculesApplication - Started ProjetLocationVehiculesApplication in 1.087 seconds (process running for 64902.815)
2025-03-06 11:28:29 [restartedMain] INFO  c.a.ProjetLocationVehiculesApplication - Starting ProjetLocationVehiculesApplication using Java 23.0.1 with PID 22200 (C:\Users\natallia.krautsova\Desktop\Cours\projet-location-vehicules\target\classes started by natallia.krautsova in C:\Users\natallia.krautsova\Desktop\Cours\projet-location-vehicules)
2025-03-06 11:28:29 [restartedMain] DEBUG c.a.ProjetLocationVehiculesApplication - Running with Spring Boot v3.4.2, Spring v6.2.2
2025-03-06 11:28:29 [restartedMain] INFO  c.a.ProjetLocationVehiculesApplication - No active profile set, falling back to 1 default profile: "default"
2025-03-06 11:28:31 [restartedMain] INFO  c.a.ProjetLocationVehiculesApplication - Started ProjetLocationVehiculesApplication in 1.716 seconds (process running for 66011.939)
2025-03-06 11:28:32 [restartedMain] INFO  c.a.ProjetLocationVehiculesApplication - Starting ProjetLocationVehiculesApplication using Java 23.0.1 with PID 22200 (C:\Users\natallia.krautsova\Desktop\Cours\projet-location-vehicules\target\classes started by natallia.krautsova in C:\Users\natallia.krautsova\Desktop\Cours\projet-location-vehicules)
2025-03-06 11:28:32 [restartedMain] DEBUG c.a.ProjetLocationVehiculesApplication - Running with Spring Boot v3.4.2, Spring v6.2.2
2025-03-06 11:28:32 [restartedMain] INFO  c.a.ProjetLocationVehiculesApplication - No active profile set, falling back to 1 default profile: "default"
2025-03-06 11:28:33 [restartedMain] INFO  c.a.ProjetLocationVehiculesApplication - Started ProjetLocationVehiculesApplication in 0.998 seconds (process running for 66014.436)
2025-03-06 11:37:11 [restartedMain] INFO  c.a.ProjetLocationVehiculesApplication - Starting ProjetLocationVehiculesApplication using Java 23.0.1 with PID 22200 (C:\Users\natallia.krautsova\Desktop\Cours\projet-location-vehicules\target\classes started by natallia.krautsova in C:\Users\natallia.krautsova\Desktop\Cours\projet-location-vehicules)
2025-03-06 11:37:11 [restartedMain] DEBUG c.a.ProjetLocationVehiculesApplication - Running with Spring Boot v3.4.2, Spring v6.2.2
2025-03-06 11:37:11 [restartedMain] INFO  c.a.ProjetLocationVehiculesApplication - No active profile set, falling back to 1 default profile: "default"
2025-03-06 11:37:12 [restartedMain] INFO  c.a.ProjetLocationVehiculesApplication - Started ProjetLocationVehiculesApplication in 1.53 seconds (process running for 66533.543)
2025-03-06 11:37:14 [restartedMain] INFO  c.a.ProjetLocationVehiculesApplication - Starting ProjetLocationVehiculesApplication using Java 23.0.1 with PID 22200 (C:\Users\natallia.krautsova\Desktop\Cours\projet-location-vehicules\target\classes started by natallia.krautsova in C:\Users\natallia.krautsova\Desktop\Cours\projet-location-vehicules)
2025-03-06 11:37:14 [restartedMain] DEBUG c.a.ProjetLocationVehiculesApplication - Running with Spring Boot v3.4.2, Spring v6.2.2
2025-03-06 11:37:14 [restartedMain] INFO  c.a.ProjetLocationVehiculesApplication - No active profile set, falling back to 1 default profile: "default"
2025-03-06 11:37:15 [restartedMain] INFO  c.a.ProjetLocationVehiculesApplication - Started ProjetLocationVehiculesApplication in 1.117 seconds (process running for 66536.146)
2025-03-06 11:38:51 [restartedMain] INFO  c.a.ProjetLocationVehiculesApplication - Starting ProjetLocationVehiculesApplication using Java 23.0.1 with PID 22200 (C:\Users\natallia.krautsova\Desktop\Cours\projet-location-vehicules\target\classes started by natallia.krautsova in C:\Users\natallia.krautsova\Desktop\Cours\projet-location-vehicules)
2025-03-06 11:38:51 [restartedMain] DEBUG c.a.ProjetLocationVehiculesApplication - Running with Spring Boot v3.4.2, Spring v6.2.2
2025-03-06 11:38:51 [restartedMain] INFO  c.a.ProjetLocationVehiculesApplication - No active profile set, falling back to 1 default profile: "default"
2025-03-06 11:38:53 [restartedMain] INFO  c.a.ProjetLocationVehiculesApplication - Starting ProjetLocationVehiculesApplication using Java 23.0.1 with PID 22200 (C:\Users\natallia.krautsova\Desktop\Cours\projet-location-vehicules\target\classes started by natallia.krautsova in C:\Users\natallia.krautsova\Desktop\Cours\projet-location-vehicules)
2025-03-06 11:38:53 [restartedMain] DEBUG c.a.ProjetLocationVehiculesApplication - Running with Spring Boot v3.4.2, Spring v6.2.2
2025-03-06 11:38:53 [restartedMain] INFO  c.a.ProjetLocationVehiculesApplication - No active profile set, falling back to 1 default profile: "default"
2025-03-06 11:38:54 [restartedMain] INFO  c.a.ProjetLocationVehiculesApplication - Started ProjetLocationVehiculesApplication in 0.994 seconds (process running for 66635.109)
2025-03-06 11:43:14 [restartedMain] INFO  c.a.ProjetLocationVehiculesApplication - Starting ProjetLocationVehiculesApplication using Java 23.0.1 with PID 22200 (C:\Users\natallia.krautsova\Desktop\Cours\projet-location-vehicules\target\classes started by natallia.krautsova in C:\Users\natallia.krautsova\Desktop\Cours\projet-location-vehicules)
2025-03-06 11:43:14 [restartedMain] DEBUG c.a.ProjetLocationVehiculesApplication - Running with Spring Boot v3.4.2, Spring v6.2.2
2025-03-06 11:43:14 [restartedMain] INFO  c.a.ProjetLocationVehiculesApplication - No active profile set, falling back to 1 default profile: "default"
2025-03-06 11:43:17 [restartedMain] INFO  c.a.ProjetLocationVehiculesApplication - Starting ProjetLocationVehiculesApplication using Java 23.0.1 with PID 22200 (C:\Users\natallia.krautsova\Desktop\Cours\projet-location-vehicules\target\classes started by natallia.krautsova in C:\Users\natallia.krautsova\Desktop\Cours\projet-location-vehicules)
2025-03-06 11:43:17 [restartedMain] DEBUG c.a.ProjetLocationVehiculesApplication - Running with Spring Boot v3.4.2, Spring v6.2.2
2025-03-06 11:43:17 [restartedMain] INFO  c.a.ProjetLocationVehiculesApplication - No active profile set, falling back to 1 default profile: "default"
2025-03-06 11:43:18 [restartedMain] INFO  c.a.ProjetLocationVehiculesApplication - Started ProjetLocationVehiculesApplication in 1.305 seconds (process running for 66899.079)
2025-03-06 11:47:06 [restartedMain] INFO  c.a.ProjetLocationVehiculesApplication - Starting ProjetLocationVehiculesApplication using Java 23.0.1 with PID 22200 (C:\Users\natallia.krautsova\Desktop\Cours\projet-location-vehicules\target\classes started by natallia.krautsova in C:\Users\natallia.krautsova\Desktop\Cours\projet-location-vehicules)
2025-03-06 11:47:06 [restartedMain] DEBUG c.a.ProjetLocationVehiculesApplication - Running with Spring Boot v3.4.2, Spring v6.2.2
2025-03-06 11:47:06 [restartedMain] INFO  c.a.ProjetLocationVehiculesApplication - No active profile set, falling back to 1 default profile: "default"
2025-03-06 11:47:07 [restartedMain] INFO  c.a.ProjetLocationVehiculesApplication - Started ProjetLocationVehiculesApplication in 1.082 seconds (process running for 67127.712)
2025-03-06 11:47:08 [restartedMain] INFO  c.a.ProjetLocationVehiculesApplication - Starting ProjetLocationVehiculesApplication using Java 23.0.1 with PID 22200 (C:\Users\natallia.krautsova\Desktop\Cours\projet-location-vehicules\target\classes started by natallia.krautsova in C:\Users\natallia.krautsova\Desktop\Cours\projet-location-vehicules)
2025-03-06 11:47:08 [restartedMain] DEBUG c.a.ProjetLocationVehiculesApplication - Running with Spring Boot v3.4.2, Spring v6.2.2
2025-03-06 11:47:08 [restartedMain] INFO  c.a.ProjetLocationVehiculesApplication - No active profile set, falling back to 1 default profile: "default"
2025-03-06 11:47:09 [restartedMain] INFO  c.a.ProjetLocationVehiculesApplication - Started ProjetLocationVehiculesApplication in 0.87 seconds (process running for 67130.092)
2025-03-06 11:51:52 [restartedMain] INFO  c.a.ProjetLocationVehiculesApplication - Starting ProjetLocationVehiculesApplication using Java 23.0.1 with PID 22200 (C:\Users\natallia.krautsova\Desktop\Cours\projet-location-vehicules\target\classes started by natallia.krautsova in C:\Users\natallia.krautsova\Desktop\Cours\projet-location-vehicules)
2025-03-06 11:51:52 [restartedMain] DEBUG c.a.ProjetLocationVehiculesApplication - Running with Spring Boot v3.4.2, Spring v6.2.2
2025-03-06 11:51:52 [restartedMain] INFO  c.a.ProjetLocationVehiculesApplication - No active profile set, falling back to 1 default profile: "default"
2025-03-06 11:51:53 [restartedMain] INFO  c.a.ProjetLocationVehiculesApplication - Started ProjetLocationVehiculesApplication in 1.233 seconds (process running for 67414.521)
2025-03-06 11:51:55 [restartedMain] INFO  c.a.ProjetLocationVehiculesApplication - Starting ProjetLocationVehiculesApplication using Java 23.0.1 with PID 22200 (C:\Users\natallia.krautsova\Desktop\Cours\projet-location-vehicules\target\classes started by natallia.krautsova in C:\Users\natallia.krautsova\Desktop\Cours\projet-location-vehicules)
2025-03-06 11:51:55 [restartedMain] DEBUG c.a.ProjetLocationVehiculesApplication - Running with Spring Boot v3.4.2, Spring v6.2.2
2025-03-06 11:51:55 [restartedMain] INFO  c.a.ProjetLocationVehiculesApplication - No active profile set, falling back to 1 default profile: "default"
2025-03-06 11:51:57 [restartedMain] INFO  c.a.ProjetLocationVehiculesApplication - Started ProjetLocationVehiculesApplication in 1.18 seconds (process running for 67417.582)
2025-03-06 12:46:38 [restartedMain] INFO  c.a.ProjetLocationVehiculesApplication - Starting ProjetLocationVehiculesApplication using Java 23.0.1 with PID 22200 (C:\Users\natallia.krautsova\Desktop\Cours\projet-location-vehicules\target\classes started by natallia.krautsova in C:\Users\natallia.krautsova\Desktop\Cours\projet-location-vehicules)
2025-03-06 12:46:38 [restartedMain] DEBUG c.a.ProjetLocationVehiculesApplication - Running with Spring Boot v3.4.2, Spring v6.2.2
2025-03-06 12:46:38 [restartedMain] INFO  c.a.ProjetLocationVehiculesApplication - No active profile set, falling back to 1 default profile: "default"
2025-03-06 12:46:42 [restartedMain] INFO  c.a.ProjetLocationVehiculesApplication - Started ProjetLocationVehiculesApplication in 3.663 seconds (process running for 70702.958)
2025-03-06 12:46:50 [restartedMain] INFO  c.a.ProjetLocationVehiculesApplication - Starting ProjetLocationVehiculesApplication using Java 23.0.1 with PID 22200 (C:\Users\natallia.krautsova\Desktop\Cours\projet-location-vehicules\target\classes started by natallia.krautsova in C:\Users\natallia.krautsova\Desktop\Cours\projet-location-vehicules)
2025-03-06 12:46:50 [restartedMain] DEBUG c.a.ProjetLocationVehiculesApplication - Running with Spring Boot v3.4.2, Spring v6.2.2
2025-03-06 12:46:50 [restartedMain] INFO  c.a.ProjetLocationVehiculesApplication - No active profile set, falling back to 1 default profile: "default"
2025-03-06 12:46:52 [restartedMain] INFO  c.a.ProjetLocationVehiculesApplication - Started ProjetLocationVehiculesApplication in 1.608 seconds (process running for 70712.704)
2025-03-06 12:50:41 [restartedMain] INFO  c.a.ProjetLocationVehiculesApplication - Starting ProjetLocationVehiculesApplication using Java 23.0.1 with PID 22200 (C:\Users\natallia.krautsova\Desktop\Cours\projet-location-vehicules\target\classes started by natallia.krautsova in C:\Users\natallia.krautsova\Desktop\Cours\projet-location-vehicules)
2025-03-06 12:50:41 [restartedMain] DEBUG c.a.ProjetLocationVehiculesApplication - Running with Spring Boot v3.4.2, Spring v6.2.2
2025-03-06 12:50:41 [restartedMain] INFO  c.a.ProjetLocationVehiculesApplication - No active profile set, falling back to 1 default profile: "default"
2025-03-06 12:50:42 [restartedMain] INFO  c.a.ProjetLocationVehiculesApplication - Started ProjetLocationVehiculesApplication in 1.457 seconds (process running for 70943.541)
2025-03-06 12:50:44 [restartedMain] INFO  c.a.ProjetLocationVehiculesApplication - Starting ProjetLocationVehiculesApplication using Java 23.0.1 with PID 22200 (C:\Users\natallia.krautsova\Desktop\Cours\projet-location-vehicules\target\classes started by natallia.krautsova in C:\Users\natallia.krautsova\Desktop\Cours\projet-location-vehicules)
2025-03-06 12:50:44 [restartedMain] DEBUG c.a.ProjetLocationVehiculesApplication - Running with Spring Boot v3.4.2, Spring v6.2.2
2025-03-06 12:50:44 [restartedMain] INFO  c.a.ProjetLocationVehiculesApplication - No active profile set, falling back to 1 default profile: "default"
2025-03-06 12:50:45 [restartedMain] INFO  c.a.ProjetLocationVehiculesApplication - Started ProjetLocationVehiculesApplication in 0.979 seconds (process running for 70946.046)
2025-03-06 13:01:42 [restartedMain] INFO  c.a.ProjetLocationVehiculesApplication - Starting ProjetLocationVehiculesApplication using Java 23.0.1 with PID 22200 (C:\Users\natallia.krautsova\Desktop\Cours\projet-location-vehicules\target\classes started by natallia.krautsova in C:\Users\natallia.krautsova\Desktop\Cours\projet-location-vehicules)
2025-03-06 13:01:42 [restartedMain] DEBUG c.a.ProjetLocationVehiculesApplication - Running with Spring Boot v3.4.2, Spring v6.2.2
2025-03-06 13:01:42 [restartedMain] INFO  c.a.ProjetLocationVehiculesApplication - No active profile set, falling back to 1 default profile: "default"
2025-03-06 13:01:45 [restartedMain] INFO  c.a.ProjetLocationVehiculesApplication - Starting ProjetLocationVehiculesApplication using Java 23.0.1 with PID 22200 (C:\Users\natallia.krautsova\Desktop\Cours\projet-location-vehicules\target\classes started by natallia.krautsova in C:\Users\natallia.krautsova\Desktop\Cours\projet-location-vehicules)
2025-03-06 13:01:45 [restartedMain] DEBUG c.a.ProjetLocationVehiculesApplication - Running with Spring Boot v3.4.2, Spring v6.2.2
2025-03-06 13:01:45 [restartedMain] INFO  c.a.ProjetLocationVehiculesApplication - No active profile set, falling back to 1 default profile: "default"
2025-03-06 13:01:46 [restartedMain] INFO  c.a.ProjetLocationVehiculesApplication - Started ProjetLocationVehiculesApplication in 1.084 seconds (process running for 71607.022)
2025-03-06 15:12:54 [restartedMain] INFO  c.a.ProjetLocationVehiculesApplication - Starting ProjetLocationVehiculesApplication using Java 23.0.1 with PID 22200 (C:\Users\natallia.krautsova\Desktop\Cours\projet-location-vehicules\target\classes started by natallia.krautsova in C:\Users\natallia.krautsova\Desktop\Cours\projet-location-vehicules)
2025-03-06 15:12:54 [restartedMain] DEBUG c.a.ProjetLocationVehiculesApplication - Running with Spring Boot v3.4.2, Spring v6.2.2
2025-03-06 15:12:54 [restartedMain] INFO  c.a.ProjetLocationVehiculesApplication - No active profile set, falling back to 1 default profile: "default"
2025-03-06 15:12:58 [restartedMain] INFO  c.a.ProjetLocationVehiculesApplication - Started ProjetLocationVehiculesApplication in 4.14 seconds (process running for 79478.977)
2025-03-06 15:13:07 [restartedMain] INFO  c.a.ProjetLocationVehiculesApplication - Starting ProjetLocationVehiculesApplication using Java 23.0.1 with PID 22200 (C:\Users\natallia.krautsova\Desktop\Cours\projet-location-vehicules\target\classes started by natallia.krautsova in C:\Users\natallia.krautsova\Desktop\Cours\projet-location-vehicules)
2025-03-06 15:13:07 [restartedMain] DEBUG c.a.ProjetLocationVehiculesApplication - Running with Spring Boot v3.4.2, Spring v6.2.2
2025-03-06 15:13:07 [restartedMain] INFO  c.a.ProjetLocationVehiculesApplication - No active profile set, falling back to 1 default profile: "default"
2025-03-06 15:13:08 [restartedMain] INFO  c.a.ProjetLocationVehiculesApplication - Started ProjetLocationVehiculesApplication in 1.613 seconds (process running for 79489.34)
2025-03-06 15:18:52 [restartedMain] INFO  c.a.ProjetLocationVehiculesApplication - Starting ProjetLocationVehiculesApplication using Java 23.0.1 with PID 22200 (C:\Users\natallia.krautsova\Desktop\Cours\projet-location-vehicules\target\classes started by natallia.krautsova in C:\Users\natallia.krautsova\Desktop\Cours\projet-location-vehicules)
2025-03-06 15:18:52 [restartedMain] DEBUG c.a.ProjetLocationVehiculesApplication - Running with Spring Boot v3.4.2, Spring v6.2.2
2025-03-06 15:18:52 [restartedMain] INFO  c.a.ProjetLocationVehiculesApplication - No active profile set, falling back to 1 default profile: "default"
2025-03-06 15:18:55 [restartedMain] INFO  c.a.ProjetLocationVehiculesApplication - Starting ProjetLocationVehiculesApplication using Java 23.0.1 with PID 22200 (C:\Users\natallia.krautsova\Desktop\Cours\projet-location-vehicules\target\classes started by natallia.krautsova in C:\Users\natallia.krautsova\Desktop\Cours\projet-location-vehicules)
2025-03-06 15:18:55 [restartedMain] DEBUG c.a.ProjetLocationVehiculesApplication - Running with Spring Boot v3.4.2, Spring v6.2.2
2025-03-06 15:18:55 [restartedMain] INFO  c.a.ProjetLocationVehiculesApplication - No active profile set, falling back to 1 default profile: "default"
2025-03-06 15:19:00 [restartedMain] INFO  c.a.ProjetLocationVehiculesApplication - Starting ProjetLocationVehiculesApplication using Java 23.0.1 with PID 22200 (C:\Users\natallia.krautsova\Desktop\Cours\projet-location-vehicules\target\classes started by natallia.krautsova in C:\Users\natallia.krautsova\Desktop\Cours\projet-location-vehicules)
2025-03-06 15:19:00 [restartedMain] DEBUG c.a.ProjetLocationVehiculesApplication - Running with Spring Boot v3.4.2, Spring v6.2.2
2025-03-06 15:19:00 [restartedMain] INFO  c.a.ProjetLocationVehiculesApplication - No active profile set, falling back to 1 default profile: "default"
2025-03-06 15:19:02 [restartedMain] INFO  c.a.ProjetLocationVehiculesApplication - Started ProjetLocationVehiculesApplication in 1.607 seconds (process running for 79842.978)
2025-03-06 15:32:34 [restartedMain] INFO  c.a.ProjetLocationVehiculesApplication - Starting ProjetLocationVehiculesApplication using Java 23.0.1 with PID 22200 (C:\Users\natallia.krautsova\Desktop\Cours\projet-location-vehicules\target\classes started by natallia.krautsova in C:\Users\natallia.krautsova\Desktop\Cours\projet-location-vehicules)
2025-03-06 15:32:34 [restartedMain] DEBUG c.a.ProjetLocationVehiculesApplication - Running with Spring Boot v3.4.2, Spring v6.2.2
2025-03-06 15:32:34 [restartedMain] INFO  c.a.ProjetLocationVehiculesApplication - No active profile set, falling back to 1 default profile: "default"
2025-03-06 15:32:36 [restartedMain] INFO  c.a.ProjetLocationVehiculesApplication - Started ProjetLocationVehiculesApplication in 1.216 seconds (process running for 80656.602)
2025-03-06 15:32:37 [restartedMain] INFO  c.a.ProjetLocationVehiculesApplication - Starting ProjetLocationVehiculesApplication using Java 23.0.1 with PID 22200 (C:\Users\natallia.krautsova\Desktop\Cours\projet-location-vehicules\target\classes started by natallia.krautsova in C:\Users\natallia.krautsova\Desktop\Cours\projet-location-vehicules)
2025-03-06 15:32:37 [restartedMain] DEBUG c.a.ProjetLocationVehiculesApplication - Running with Spring Boot v3.4.2, Spring v6.2.2
2025-03-06 15:32:37 [restartedMain] INFO  c.a.ProjetLocationVehiculesApplication - No active profile set, falling back to 1 default profile: "default"
2025-03-06 15:32:38 [restartedMain] INFO  c.a.ProjetLocationVehiculesApplication - Started ProjetLocationVehiculesApplication in 1.01 seconds (process running for 80659.132)
2025-03-06 16:18:33 [restartedMain] INFO  c.a.ProjetLocationVehiculesApplication - Starting ProjetLocationVehiculesApplication using Java 23.0.1 with PID 22200 (C:\Users\natallia.krautsova\Desktop\Cours\projet-location-vehicules\target\classes started by natallia.krautsova in C:\Users\natallia.krautsova\Desktop\Cours\projet-location-vehicules)
2025-03-06 16:18:33 [restartedMain] DEBUG c.a.ProjetLocationVehiculesApplication - Running with Spring Boot v3.4.2, Spring v6.2.2
2025-03-06 16:18:33 [restartedMain] INFO  c.a.ProjetLocationVehiculesApplication - No active profile set, falling back to 1 default profile: "default"
2025-03-06 16:18:35 [restartedMain] INFO  c.a.ProjetLocationVehiculesApplication - Started ProjetLocationVehiculesApplication in 2.124 seconds (process running for 83415.801)
2025-03-06 16:18:36 [restartedMain] INFO  c.a.ProjetLocationVehiculesApplication - Starting ProjetLocationVehiculesApplication using Java 23.0.1 with PID 22200 (C:\Users\natallia.krautsova\Desktop\Cours\projet-location-vehicules\target\classes started by natallia.krautsova in C:\Users\natallia.krautsova\Desktop\Cours\projet-location-vehicules)
2025-03-06 16:18:36 [restartedMain] DEBUG c.a.ProjetLocationVehiculesApplication - Running with Spring Boot v3.4.2, Spring v6.2.2
2025-03-06 16:18:36 [restartedMain] INFO  c.a.ProjetLocationVehiculesApplication - No active profile set, falling back to 1 default profile: "default"
2025-03-06 16:18:38 [restartedMain] INFO  c.a.ProjetLocationVehiculesApplication - Started ProjetLocationVehiculesApplication in 1.419 seconds (process running for 83418.76)
2025-03-06 16:19:53 [http-nio-8080-exec-6] INFO  c.a.controller.AdminController - Administrateur ajouté avec succès, ID : 3
2025-03-06 17:28:14 [restartedMain] INFO  c.a.ProjetLocationVehiculesApplication - Starting ProjetLocationVehiculesApplication using Java 23.0.1 with PID 22200 (C:\Users\natallia.krautsova\Desktop\Cours\projet-location-vehicules\target\classes started by natallia.krautsova in C:\Users\natallia.krautsova\Desktop\Cours\projet-location-vehicules)
2025-03-06 17:28:14 [restartedMain] DEBUG c.a.ProjetLocationVehiculesApplication - Running with Spring Boot v3.4.2, Spring v6.2.2
2025-03-06 17:28:14 [restartedMain] INFO  c.a.ProjetLocationVehiculesApplication - No active profile set, falling back to 1 default profile: "default"
2025-03-06 17:28:28 [restartedMain] INFO  c.a.ProjetLocationVehiculesApplication - Starting ProjetLocationVehiculesApplication using Java 23.0.1 with PID 22200 (C:\Users\natallia.krautsova\Desktop\Cours\projet-location-vehicules\target\classes started by natallia.krautsova in C:\Users\natallia.krautsova\Desktop\Cours\projet-location-vehicules)
2025-03-06 17:28:28 [restartedMain] DEBUG c.a.ProjetLocationVehiculesApplication - Running with Spring Boot v3.4.2, Spring v6.2.2
2025-03-06 17:28:28 [restartedMain] INFO  c.a.ProjetLocationVehiculesApplication - No active profile set, falling back to 1 default profile: "default"
2025-03-06 17:28:31 [restartedMain] INFO  c.a.ProjetLocationVehiculesApplication - Started ProjetLocationVehiculesApplication in 3.47 seconds (process running for 87612.412)
